This is pdfTeX, Version 3.141592653-2.6-1.40.27 (TeX Live 2025) (preloaded format=pdflatex 2025.5.6)  5 JUN 2025 18:00
entering extended mode
 restricted \write18 enabled.
 %&-line parsing enabled.
**/Users/xx20081/git/metaboprep/inst/rmarkdown/templates/qc_report/skeleton/project_metaboprep_qc_report.tex
(/Users/xx20081/git/metaboprep/inst/rmarkdown/templates/qc_report/skeleton/project_metaboprep_qc_report.tex
LaTeX2e <2024-11-01> patch level 2
L3 programming layer <2025-04-14>
(/Users/xx20081/Library/TinyTeX/texmf-dist/tex/latex/base/article.cls
Document Class: article 2024/06/29 v1.4n Standard LaTeX document class
(/Users/xx20081/Library/TinyTeX/texmf-dist/tex/latex/base/size10.clo
File: size10.clo 2024/06/29 v1.4n Standard LaTeX file (size option)
)
\c@part=\count272
\c@section=\count273
\c@subsection=\count274
\c@subsubsection=\count275
\c@paragraph=\count276
\c@subparagraph=\count277
\c@figure=\count278
\c@table=\count279
\abovecaptionskip=\skip49
\belowcaptionskip=\skip50
\bibindent=\dimen146
) (/Users/xx20081/Library/TinyTeX/texmf-dist/tex/latex/amsmath/amsmath.sty
Package: amsmath 2024/11/05 v2.17t AMS math features
\@mathmargin=\skip51
For additional information on amsmath, use the `?' option.
(/Users/xx20081/Library/TinyTeX/texmf-dist/tex/latex/amsmath/amstext.sty
Package: amstext 2021/08/26 v2.01 AMS text
(/Users/xx20081/Library/TinyTeX/texmf-dist/tex/latex/amsmath/amsgen.sty
File: amsgen.sty 1999/11/30 v2.0 generic functions
\@emptytoks=\toks17
\ex@=\dimen147
)) (/Users/xx20081/Library/TinyTeX/texmf-dist/tex/latex/amsmath/amsbsy.sty
Package: amsbsy 1999/11/29 v1.2d Bold Symbols
\pmbraise@=\dimen148
) (/Users/xx20081/Library/TinyTeX/texmf-dist/tex/latex/amsmath/amsopn.sty
Package: amsopn 2022/04/08 v2.04 operator names
)
\inf@bad=\count280
LaTeX Info: Redefining \frac on input line 233.
\uproot@=\count281
\leftroot@=\count282
LaTeX Info: Redefining \overline on input line 398.
LaTeX Info: Redefining \colon on input line 409.
\classnum@=\count283
\DOTSCASE@=\count284
LaTeX Info: Redefining \ldots on input line 495.
LaTeX Info: Redefining \dots on input line 498.
LaTeX Info: Redefining \cdots on input line 619.
\Mathstrutbox@=\box53
\strutbox@=\box54
LaTeX Info: Redefining \big on input line 721.
LaTeX Info: Redefining \Big on input line 722.
LaTeX Info: Redefining \bigg on input line 723.
LaTeX Info: Redefining \Bigg on input line 724.
\big@size=\dimen149
LaTeX Font Info:    Redeclaring font encoding OML on input line 742.
LaTeX Font Info:    Redeclaring font encoding OMS on input line 743.
\macc@depth=\count285
LaTeX Info: Redefining \bmod on input line 904.
LaTeX Info: Redefining \pmod on input line 909.
LaTeX Info: Redefining \smash on input line 939.
LaTeX Info: Redefining \relbar on input line 969.
LaTeX Info: Redefining \Relbar on input line 970.
\c@MaxMatrixCols=\count286
\dotsspace@=\muskip17
\c@parentequation=\count287
\dspbrk@lvl=\count288
\tag@help=\toks18
\row@=\count289
\column@=\count290
\maxfields@=\count291
\andhelp@=\toks19
\eqnshift@=\dimen150
\alignsep@=\dimen151
\tagshift@=\dimen152
\tagwidth@=\dimen153
\totwidth@=\dimen154
\lineht@=\dimen155
\@envbody=\toks20
\multlinegap=\skip52
\multlinetaggap=\skip53
\mathdisplay@stack=\toks21
LaTeX Info: Redefining \[ on input line 2953.
LaTeX Info: Redefining \] on input line 2954.
) (/Users/xx20081/Library/TinyTeX/texmf-dist/tex/latex/amsfonts/amssymb.sty
Package: amssymb 2013/01/14 v3.01 AMS font symbols
(/Users/xx20081/Library/TinyTeX/texmf-dist/tex/latex/amsfonts/amsfonts.sty
Package: amsfonts 2013/01/14 v3.01 Basic AMSFonts support
\symAMSa=\mathgroup4
\symAMSb=\mathgroup5
LaTeX Font Info:    Redeclaring math symbol \hbar on input line 98.
LaTeX Font Info:    Overwriting math alphabet `\mathfrak' in version `bold'
(Font)                  U/euf/m/n --> U/euf/b/n on input line 106.
)) (/Users/xx20081/Library/TinyTeX/texmf-dist/tex/generic/iftex/iftex.sty
Package: iftex 2024/12/12 v1.0g TeX engine tests
) (/Users/xx20081/Library/TinyTeX/texmf-dist/tex/latex/base/fontenc.sty
Package: fontenc 2021/04/29 v2.0v Standard LaTeX package
) (/Users/xx20081/Library/TinyTeX/texmf-dist/tex/latex/base/inputenc.sty
Package: inputenc 2024/02/08 v1.3d Input encoding file
\inpenc@prehook=\toks22
\inpenc@posthook=\toks23
) (/Users/xx20081/Library/TinyTeX/texmf-dist/tex/latex/base/textcomp.sty
Package: textcomp 2024/04/24 v2.1b Standard LaTeX package
) (/Users/xx20081/Library/TinyTeX/texmf-dist/tex/latex/lm/lmodern.sty
Package: lmodern 2015/05/01 v1.6.1 Latin Modern Fonts
LaTeX Font Info:    Overwriting symbol font `operators' in version `normal'
(Font)                  OT1/cmr/m/n --> OT1/lmr/m/n on input line 22.
LaTeX Font Info:    Overwriting symbol font `letters' in version `normal'
(Font)                  OML/cmm/m/it --> OML/lmm/m/it on input line 23.
LaTeX Font Info:    Overwriting symbol font `symbols' in version `normal'
(Font)                  OMS/cmsy/m/n --> OMS/lmsy/m/n on input line 24.
LaTeX Font Info:    Overwriting symbol font `largesymbols' in version `normal'
(Font)                  OMX/cmex/m/n --> OMX/lmex/m/n on input line 25.
LaTeX Font Info:    Overwriting symbol font `operators' in version `bold'
(Font)                  OT1/cmr/bx/n --> OT1/lmr/bx/n on input line 26.
LaTeX Font Info:    Overwriting symbol font `letters' in version `bold'
(Font)                  OML/cmm/b/it --> OML/lmm/b/it on input line 27.
LaTeX Font Info:    Overwriting symbol font `symbols' in version `bold'
(Font)                  OMS/cmsy/b/n --> OMS/lmsy/b/n on input line 28.
LaTeX Font Info:    Overwriting symbol font `largesymbols' in version `bold'
(Font)                  OMX/cmex/m/n --> OMX/lmex/m/n on input line 29.
LaTeX Font Info:    Overwriting math alphabet `\mathbf' in version `normal'
(Font)                  OT1/cmr/bx/n --> OT1/lmr/bx/n on input line 31.
LaTeX Font Info:    Overwriting math alphabet `\mathsf' in version `normal'
(Font)                  OT1/cmss/m/n --> OT1/lmss/m/n on input line 32.
LaTeX Font Info:    Overwriting math alphabet `\mathit' in version `normal'
(Font)                  OT1/cmr/m/it --> OT1/lmr/m/it on input line 33.
LaTeX Font Info:    Overwriting math alphabet `\mathtt' in version `normal'
(Font)                  OT1/cmtt/m/n --> OT1/lmtt/m/n on input line 34.
LaTeX Font Info:    Overwriting math alphabet `\mathbf' in version `bold'
(Font)                  OT1/cmr/bx/n --> OT1/lmr/bx/n on input line 35.
LaTeX Font Info:    Overwriting math alphabet `\mathsf' in version `bold'
(Font)                  OT1/cmss/bx/n --> OT1/lmss/bx/n on input line 36.
LaTeX Font Info:    Overwriting math alphabet `\mathit' in version `bold'
(Font)                  OT1/cmr/bx/it --> OT1/lmr/bx/it on input line 37.
LaTeX Font Info:    Overwriting math alphabet `\mathtt' in version `bold'
(Font)                  OT1/cmtt/m/n --> OT1/lmtt/m/n on input line 38.
) (/Users/xx20081/Library/TinyTeX/texmf-dist/tex/latex/xcolor/xcolor.sty
Package: xcolor 2024/09/29 v3.02 LaTeX color extensions (UK)
(/Users/xx20081/Library/TinyTeX/texmf-dist/tex/latex/graphics-cfg/color.cfg
File: color.cfg 2016/01/02 v1.6 sample color configuration
)
Package xcolor Info: Driver file: pdftex.def on input line 274.
(/Users/xx20081/Library/TinyTeX/texmf-dist/tex/latex/graphics-def/pdftex.def
File: pdftex.def 2024/04/13 v1.2c Graphics/color driver for pdftex
) (/Users/xx20081/Library/TinyTeX/texmf-dist/tex/latex/graphics/mathcolor.ltx)
Package xcolor Info: Model `cmy' substituted by `cmy0' on input line 1349.
Package xcolor Info: Model `hsb' substituted by `rgb' on input line 1353.
Package xcolor Info: Model `RGB' extended on input line 1365.
Package xcolor Info: Model `HTML' substituted by `rgb' on input line 1367.
Package xcolor Info: Model `Hsb' substituted by `hsb' on input line 1368.
Package xcolor Info: Model `tHsb' substituted by `hsb' on input line 1369.
Package xcolor Info: Model `HSB' substituted by `hsb' on input line 1370.
Package xcolor Info: Model `Gray' substituted by `gray' on input line 1371.
Package xcolor Info: Model `wave' substituted by `hsb' on input line 1372.
) (/Users/xx20081/Library/TinyTeX/texmf-dist/tex/latex/graphics/dvipsnam.def
File: dvipsnam.def 2016/06/17 v3.0m Driver-dependent file (DPC,SPQR)
) (/Users/xx20081/Library/TinyTeX/texmf-dist/tex/latex/xcolor/svgnam.def
File: svgnam.def 2024/09/29 v3.02 Predefined colors according to SVG 1.1 (UK)
) (/Users/xx20081/Library/TinyTeX/texmf-dist/tex/latex/xcolor/x11nam.def
File: x11nam.def 2024/09/29 v3.02 Predefined colors according to Unix/X11 (UK)
) (/Users/xx20081/Library/TinyTeX/texmf-dist/tex/latex/geometry/geometry.sty
Package: geometry 2020/01/02 v5.9 Page Geometry
(/Users/xx20081/Library/TinyTeX/texmf-dist/tex/latex/graphics/keyval.sty
Package: keyval 2022/05/29 v1.15 key=value parser (DPC)
\KV@toks@=\toks24
) (/Users/xx20081/Library/TinyTeX/texmf-dist/tex/generic/iftex/ifvtex.sty
Package: ifvtex 2019/10/25 v1.7 ifvtex legacy package. Use iftex instead.
)
\Gm@cnth=\count292
\Gm@cntv=\count293
\c@Gm@tempcnt=\count294
\Gm@bindingoffset=\dimen156
\Gm@wd@mp=\dimen157
\Gm@odd@mp=\dimen158
\Gm@even@mp=\dimen159
\Gm@layoutwidth=\dimen160
\Gm@layoutheight=\dimen161
\Gm@layouthoffset=\dimen162
\Gm@layoutvoffset=\dimen163
\Gm@dimlist=\toks25
) (/Users/xx20081/Library/TinyTeX/texmf-dist/tex/latex/graphics/graphicx.sty
Package: graphicx 2021/09/16 v1.2d Enhanced LaTeX Graphics (DPC,SPQR)
(/Users/xx20081/Library/TinyTeX/texmf-dist/tex/latex/graphics/graphics.sty
Package: graphics 2024/08/06 v1.4g Standard LaTeX Graphics (DPC,SPQR)
(/Users/xx20081/Library/TinyTeX/texmf-dist/tex/latex/graphics/trig.sty
Package: trig 2023/12/02 v1.11 sin cos tan (DPC)
) (/Users/xx20081/Library/TinyTeX/texmf-dist/tex/latex/graphics-cfg/graphics.cfg
File: graphics.cfg 2016/06/04 v1.11 sample graphics configuration
)
Package graphics Info: Driver file: pdftex.def on input line 106.
)
\Gin@req@height=\dimen164
\Gin@req@width=\dimen165
)
\pandoc@box=\box55
(/Users/xx20081/Library/TinyTeX/texmf-dist/tex/latex/psnfss/helvet.sty
Package: helvet 2020/03/25 PSNFSS-v9.3 (WaS) 
) (/Users/xx20081/Library/TinyTeX/texmf-dist/tex/latex/booktabs/booktabs.sty
Package: booktabs 2020/01/12 v1.61803398 Publication quality tables
\heavyrulewidth=\dimen166
\lightrulewidth=\dimen167
\cmidrulewidth=\dimen168
\belowrulesep=\dimen169
\belowbottomsep=\dimen170
\aboverulesep=\dimen171
\abovetopsep=\dimen172
\cmidrulesep=\dimen173
\cmidrulekern=\dimen174
\defaultaddspace=\dimen175
\@cmidla=\count295
\@cmidlb=\count296
\@aboverulesep=\dimen176
\@belowrulesep=\dimen177
\@thisruleclass=\count297
\@lastruleclass=\count298
\@thisrulewidth=\dimen178
) (/Users/xx20081/Library/TinyTeX/texmf-dist/tex/latex/tools/longtable.sty
Package: longtable 2024-10-27 v4.22 Multi-page Table package (DPC)
\LTleft=\skip54
\LTright=\skip55
\LTpre=\skip56
\LTpost=\skip57
\LTchunksize=\count299
\LTcapwidth=\dimen179
\LT@head=\box56
\LT@firsthead=\box57
\LT@foot=\box58
\LT@lastfoot=\box59
\LT@gbox=\box60
\LT@cols=\count300
\LT@rows=\count301
\c@LT@tables=\count302
\c@LT@chunks=\count303
\LT@p@ftn=\toks26
) (/Users/xx20081/Library/TinyTeX/texmf-dist/tex/latex/tools/array.sty
Package: array 2024/10/17 v2.6g Tabular extension package (FMi)
\col@sep=\dimen180
\ar@mcellbox=\box61
\extrarowheight=\dimen181
\NC@list=\toks27
\extratabsurround=\skip58
\backup@length=\skip59
\ar@cellbox=\box62
) (/Users/xx20081/Library/TinyTeX/texmf-dist/tex/latex/multirow/multirow.sty
Package: multirow 2024/11/12 v2.9 Span multiple rows of a table
\multirow@colwidth=\skip60
\multirow@cntb=\count304
\multirow@dima=\skip61
\bigstrutjot=\dimen182
) (/Users/xx20081/Library/TinyTeX/texmf-dist/tex/latex/wrapfig/wrapfig.sty
\wrapoverhang=\dimen183
\WF@size=\dimen184
\c@WF@wrappedlines=\count305
\WF@box=\box63
\WF@everypar=\toks28
Package: wrapfig 2003/01/31  v 3.6
) (/Users/xx20081/Library/TinyTeX/texmf-dist/tex/latex/float/float.sty
Package: float 2001/11/08 v1.3d Float enhancements (AL)
\c@float@type=\count306
\float@exts=\toks29
\float@box=\box64
\@float@everytoks=\toks30
\@floatcapt=\box65
) (/Users/xx20081/Library/TinyTeX/texmf-dist/tex/latex/colortbl/colortbl.sty
Package: colortbl 2024/07/06 v1.0i Color table columns (DPC)
\everycr=\toks31
\minrowclearance=\skip62
\rownum=\count307
) (/Users/xx20081/Library/TinyTeX/texmf-dist/tex/latex/pdflscape/pdflscape.sty
Package: pdflscape 2022-10-27 v0.13 Display of landscape pages in PDF
(/Users/xx20081/Library/TinyTeX/texmf-dist/tex/latex/pdflscape/pdflscape-nometadata.sty
Package: pdflscape-nometadata 2022-10-28 v0.13 Display of landscape pages in PDF (HO)
(/Users/xx20081/Library/TinyTeX/texmf-dist/tex/latex/graphics/lscape.sty
Package: lscape 2020/05/28 v3.02 Landscape Pages (DPC)
)
Package pdflscape Info: Auto-detected driver: pdftex on input line 81.
)) (/Users/xx20081/Library/TinyTeX/texmf-dist/tex/latex/tabu/tabu.sty
Package: tabu 2019/01/11 v2.9 - flexible LaTeX tabulars (FC+tabu-fixed)
(/Users/xx20081/Library/TinyTeX/texmf-dist/tex/latex/varwidth/varwidth.sty
Package: varwidth 2009/03/30 ver 0.92;  Variable-width minipages
\@vwid@box=\box66
\sift@deathcycles=\count308
\@vwid@loff=\dimen185
\@vwid@roff=\dimen186
)
\c@taburow=\count309
\tabu@nbcols=\count310
\tabu@cnt=\count311
\tabu@Xcol=\count312
\tabu@alloc=\count313
\tabu@nested=\count314
\tabu@target=\dimen187
\tabu@spreadtarget=\dimen188
\tabu@naturalX=\dimen189
\tabucolX=\dimen190
\tabu@Xsum=\dimen191
\extrarowdepth=\dimen192
\abovetabulinesep=\dimen193
\belowtabulinesep=\dimen194
\tabustrutrule=\dimen195
\tabu@thebody=\toks32
\tabu@footnotes=\toks33
\tabu@box=\box67
\tabu@arstrutbox=\box68
\tabu@hleads=\box69
\tabu@vleads=\box70
\tabu@cellskip=\skip63
) (/Users/xx20081/Library/TinyTeX/texmf-dist/tex/latex/threeparttable/threeparttable.sty
Package: threeparttable 2003/06/13  v 3.0
\@tempboxb=\box71
) (/Users/xx20081/Library/TinyTeX/texmf-dist/tex/latex/threeparttablex/threeparttablex.sty
Package: threeparttablex 2013/07/23 v0.3 by daleif
(/Users/xx20081/Library/TinyTeX/texmf-dist/tex/latex/environ/environ.sty
Package: environ 2014/05/04 v0.3 A new way to define environments
(/Users/xx20081/Library/TinyTeX/texmf-dist/tex/latex/trimspaces/trimspaces.sty
Package: trimspaces 2009/09/17 v1.1 Trim spaces around a token list
))
\TPTL@width=\skip64
) (/Users/xx20081/Library/TinyTeX/texmf-dist/tex/generic/ulem/ulem.sty
\UL@box=\box72
\UL@hyphenbox=\box73
\UL@skip=\skip65
\UL@hook=\toks34
\UL@height=\dimen196
\UL@pe=\count315
\UL@pixel=\dimen197
\ULC@box=\box74
Package: ulem 2019/11/18
\ULdepth=\dimen198
) (/Users/xx20081/Library/TinyTeX/texmf-dist/tex/latex/makecell/makecell.sty
Package: makecell 2009/08/03 V0.1e Managing of Tab Column Heads and Cells
\rotheadsize=\dimen199
\c@nlinenum=\count316
\TeXr@lab=\toks35
) (/Users/xx20081/Library/TinyTeX/texmf-dist/tex/latex/bookmark/bookmark.sty
Package: bookmark 2023-12-10 v1.31 PDF bookmarks (HO)
(/Users/xx20081/Library/TinyTeX/texmf-dist/tex/latex/hyperref/hyperref.sty
Package: hyperref 2024-11-05 v7.01l Hypertext links for LaTeX
(/Users/xx20081/Library/TinyTeX/texmf-dist/tex/latex/kvsetkeys/kvsetkeys.sty
Package: kvsetkeys 2022-10-05 v1.19 Key value parser (HO)
) (/Users/xx20081/Library/TinyTeX/texmf-dist/tex/generic/kvdefinekeys/kvdefinekeys.sty
Package: kvdefinekeys 2019-12-19 v1.6 Define keys (HO)
) (/Users/xx20081/Library/TinyTeX/texmf-dist/tex/generic/pdfescape/pdfescape.sty
Package: pdfescape 2019/12/09 v1.15 Implements pdfTeX's escape features (HO)
(/Users/xx20081/Library/TinyTeX/texmf-dist/tex/generic/ltxcmds/ltxcmds.sty
Package: ltxcmds 2023-12-04 v1.26 LaTeX kernel commands for general use (HO)
) (/Users/xx20081/Library/TinyTeX/texmf-dist/tex/generic/pdftexcmds/pdftexcmds.sty
Package: pdftexcmds 2020-06-27 v0.33 Utility functions of pdfTeX for LuaTeX (HO)
(/Users/xx20081/Library/TinyTeX/texmf-dist/tex/generic/infwarerr/infwarerr.sty
Package: infwarerr 2019/12/03 v1.5 Providing info/warning/error messages (HO)
)
Package pdftexcmds Info: \pdf@primitive is available.
Package pdftexcmds Info: \pdf@ifprimitive is available.
Package pdftexcmds Info: \pdfdraftmode found.
)) (/Users/xx20081/Library/TinyTeX/texmf-dist/tex/latex/hycolor/hycolor.sty
Package: hycolor 2020-01-27 v1.10 Color options for hyperref/bookmark (HO)
) (/Users/xx20081/Library/TinyTeX/texmf-dist/tex/latex/hyperref/nameref.sty
Package: nameref 2023-11-26 v2.56 Cross-referencing by name of section
(/Users/xx20081/Library/TinyTeX/texmf-dist/tex/latex/refcount/refcount.sty
Package: refcount 2019/12/15 v3.6 Data extraction from label references (HO)
) (/Users/xx20081/Library/TinyTeX/texmf-dist/tex/generic/gettitlestring/gettitlestring.sty
Package: gettitlestring 2019/12/15 v1.6 Cleanup title references (HO)
(/Users/xx20081/Library/TinyTeX/texmf-dist/tex/latex/kvoptions/kvoptions.sty
Package: kvoptions 2022-06-15 v3.15 Key value format for package options (HO)
))
\c@section@level=\count317
) (/Users/xx20081/Library/TinyTeX/texmf-dist/tex/latex/etoolbox/etoolbox.sty
Package: etoolbox 2025/02/11 v2.5l e-TeX tools for LaTeX (JAW)
\etb@tempcnta=\count318
) (/Users/xx20081/Library/TinyTeX/texmf-dist/tex/generic/stringenc/stringenc.sty
Package: stringenc 2019/11/29 v1.12 Convert strings between diff. encodings (HO)
)
\@linkdim=\dimen256
\Hy@linkcounter=\count319
\Hy@pagecounter=\count320
(/Users/xx20081/Library/TinyTeX/texmf-dist/tex/latex/hyperref/pd1enc.def
File: pd1enc.def 2024-11-05 v7.01l Hyperref: PDFDocEncoding definition (HO)
Now handling font encoding PD1 ...
... no UTF-8 mapping file for font encoding PD1
) (/Users/xx20081/Library/TinyTeX/texmf-dist/tex/generic/intcalc/intcalc.sty
Package: intcalc 2019/12/15 v1.3 Expandable calculations with integers (HO)
)
\Hy@SavedSpaceFactor=\count321
(/Users/xx20081/Library/TinyTeX/texmf-dist/tex/latex/hyperref/puenc.def
File: puenc.def 2024-11-05 v7.01l Hyperref: PDF Unicode definition (HO)
Now handling font encoding PU ...
... no UTF-8 mapping file for font encoding PU
)
Package hyperref Info: Option `unicode' set `true' on input line 4040.
Package hyperref Info: Hyper figures OFF on input line 4157.
Package hyperref Info: Link nesting OFF on input line 4162.
Package hyperref Info: Hyper index ON on input line 4165.
Package hyperref Info: Plain pages OFF on input line 4172.
Package hyperref Info: Backreferencing OFF on input line 4177.
Package hyperref Info: Implicit mode ON; LaTeX internals redefined.
Package hyperref Info: Bookmarks ON on input line 4424.
\c@Hy@tempcnt=\count322
(/Users/xx20081/Library/TinyTeX/texmf-dist/tex/latex/url/url.sty
\Urlmuskip=\muskip18
Package: url 2013/09/16  ver 3.4  Verb mode for urls, etc.
)
LaTeX Info: Redefining \url on input line 4763.
\XeTeXLinkMargin=\dimen257
(/Users/xx20081/Library/TinyTeX/texmf-dist/tex/generic/bitset/bitset.sty
Package: bitset 2019/12/09 v1.3 Handle bit-vector datatype (HO)
(/Users/xx20081/Library/TinyTeX/texmf-dist/tex/generic/bigintcalc/bigintcalc.sty
Package: bigintcalc 2019/12/15 v1.5 Expandable calculations on big integers (HO)
))
\Fld@menulength=\count323
\Field@Width=\dimen258
\Fld@charsize=\dimen259
Package hyperref Info: Hyper figures OFF on input line 6042.
Package hyperref Info: Link nesting OFF on input line 6047.
Package hyperref Info: Hyper index ON on input line 6050.
Package hyperref Info: backreferencing OFF on input line 6057.
Package hyperref Info: Link coloring OFF on input line 6062.
Package hyperref Info: Link coloring with OCG OFF on input line 6067.
Package hyperref Info: PDF/A mode OFF on input line 6072.
(/Users/xx20081/Library/TinyTeX/texmf-dist/tex/latex/base/atbegshi-ltx.sty
Package: atbegshi-ltx 2021/01/10 v1.0c Emulation of the original atbegshi
package with kernel methods
)
\Hy@abspage=\count324
\c@Item=\count325
\c@Hfootnote=\count326
)
Package hyperref Info: Driver (autodetected): hpdftex.
(/Users/xx20081/Library/TinyTeX/texmf-dist/tex/latex/hyperref/hpdftex.def
File: hpdftex.def 2024-11-05 v7.01l Hyperref driver for pdfTeX
(/Users/xx20081/Library/TinyTeX/texmf-dist/tex/latex/base/atveryend-ltx.sty
Package: atveryend-ltx 2020/08/19 v1.0a Emulation of the original atveryend package
with kernel methods
)
\Fld@listcount=\count327
\c@bookmark@seq@number=\count328
(/Users/xx20081/Library/TinyTeX/texmf-dist/tex/latex/rerunfilecheck/rerunfilecheck.sty
Package: rerunfilecheck 2022-07-10 v1.10 Rerun checks for auxiliary files (HO)
(/Users/xx20081/Library/TinyTeX/texmf-dist/tex/generic/uniquecounter/uniquecounter.sty
Package: uniquecounter 2019/12/15 v1.4 Provide unlimited unique counter (HO)
)
Package uniquecounter Info: New unique counter `rerunfilecheck' on input line 285.
)
\Hy@SectionHShift=\skip66
) (/Users/xx20081/Library/TinyTeX/texmf-dist/tex/latex/bookmark/bkm-pdftex.def
File: bkm-pdftex.def 2023-12-10 v1.31 bookmark driver for pdfTeX and luaTeX (HO)
\BKM@id=\count329
))
Package hyperref Info: Option `colorlinks' set `true' on input line 86.
LaTeX Font Info:    Trying to load font information for T1+phv on input line 92.
(/Users/xx20081/Library/TinyTeX/texmf-dist/tex/latex/psnfss/t1phv.fd
File: t1phv.fd 2020/03/25 scalable font definitions for T1/phv.
) (/Users/xx20081/Library/TinyTeX/texmf-dist/tex/latex/l3backend/l3backend-pdftex.def
File: l3backend-pdftex.def 2025-04-14 L3 backend support: PDF output (pdfTeX)
\l__color_backend_stack_int=\count330
) (./project_metaboprep_qc_report.aux

LaTeX Warning: Label `tab:missing_summary_compute' multiply defined.

)
\openout1 = `project_metaboprep_qc_report.aux'.

LaTeX Font Info:    Checking defaults for OML/cmm/m/it on input line 92.
LaTeX Font Info:    ... okay on input line 92.
LaTeX Font Info:    Checking defaults for OMS/cmsy/m/n on input line 92.
LaTeX Font Info:    ... okay on input line 92.
LaTeX Font Info:    Checking defaults for OT1/cmr/m/n on input line 92.
LaTeX Font Info:    ... okay on input line 92.
LaTeX Font Info:    Checking defaults for T1/cmr/m/n on input line 92.
LaTeX Font Info:    ... okay on input line 92.
LaTeX Font Info:    Checking defaults for TS1/cmr/m/n on input line 92.
LaTeX Font Info:    ... okay on input line 92.
LaTeX Font Info:    Checking defaults for OMX/cmex/m/n on input line 92.
LaTeX Font Info:    ... okay on input line 92.
LaTeX Font Info:    Checking defaults for U/cmr/m/n on input line 92.
LaTeX Font Info:    ... okay on input line 92.
LaTeX Font Info:    Checking defaults for PD1/pdf/m/n on input line 92.
LaTeX Font Info:    ... okay on input line 92.
LaTeX Font Info:    Checking defaults for PU/pdf/m/n on input line 92.
LaTeX Font Info:    ... okay on input line 92.
(/Users/xx20081/Library/TinyTeX/texmf-dist/tex/latex/epstopdf-pkg/epstopdf-base.sty
Package: epstopdf-base 2020-01-24 v2.11 Base part for package epstopdf
Package epstopdf-base Info: Redefining graphics rule for `.eps' on input line 485.
(/Users/xx20081/Library/TinyTeX/texmf-dist/tex/latex/latexconfig/epstopdf-sys.cfg
File: epstopdf-sys.cfg 2010/07/13 v1.3 Configuration of (r)epstopdf for TeX Live
))
*geometry* driver: auto-detecting
*geometry* detected driver: pdftex
*geometry* verbose mode - [ preamble ] result:
* driver: pdftex
* paper: <default>
* layout: <same size as paper>
* layoutoffset:(h,v)=(0.0pt,0.0pt)
* modes: 
* h-part:(L,W,R)=(72.26999pt, 469.75502pt, 72.26999pt)
* v-part:(T,H,B)=(72.26999pt, 650.43001pt, 72.26999pt)
* \paperwidth=614.295pt
* \paperheight=794.96999pt
* \textwidth=469.75502pt
* \textheight=650.43001pt
* \oddsidemargin=0.0pt
* \evensidemargin=0.0pt
* \topmargin=-37.0pt
* \headheight=12.0pt
* \headsep=25.0pt
* \topskip=10.0pt
* \footskip=30.0pt
* \marginparwidth=65.0pt
* \marginparsep=11.0pt
* \columnsep=10.0pt
* \skip\footins=9.0pt plus 4.0pt minus 2.0pt
* \hoffset=0.0pt
* \voffset=0.0pt
* \mag=1000
* \@twocolumnfalse
* \@twosidefalse
* \@mparswitchfalse
* \@reversemarginfalse
* (1in=72.27pt=25.4mm, 1cm=28.453pt)

Package hyperref Info: Link coloring ON on input line 92.
LaTeX Font Info:    Trying to load font information for OT1+lmr on input line 94.
(/Users/xx20081/Library/TinyTeX/texmf-dist/tex/latex/lm/ot1lmr.fd
File: ot1lmr.fd 2015/05/01 v1.6.1 Font defs for Latin Modern
)
LaTeX Font Info:    Trying to load font information for OML+lmm on input line 94.
(/Users/xx20081/Library/TinyTeX/texmf-dist/tex/latex/lm/omllmm.fd
File: omllmm.fd 2015/05/01 v1.6.1 Font defs for Latin Modern
)
LaTeX Font Info:    Trying to load font information for OMS+lmsy on input line 94.
(/Users/xx20081/Library/TinyTeX/texmf-dist/tex/latex/lm/omslmsy.fd
File: omslmsy.fd 2015/05/01 v1.6.1 Font defs for Latin Modern
)
LaTeX Font Info:    Trying to load font information for OMX+lmex on input line 94.
(/Users/xx20081/Library/TinyTeX/texmf-dist/tex/latex/lm/omxlmex.fd
File: omxlmex.fd 2015/05/01 v1.6.1 Font defs for Latin Modern
)
LaTeX Font Info:    External font `lmex10' loaded for size
(Font)              <12> on input line 94.
LaTeX Font Info:    External font `lmex10' loaded for size
(Font)              <8> on input line 94.
LaTeX Font Info:    External font `lmex10' loaded for size
(Font)              <6> on input line 94.
LaTeX Font Info:    Trying to load font information for U+msa on input line 94.
(/Users/xx20081/Library/TinyTeX/texmf-dist/tex/latex/amsfonts/umsa.fd
File: umsa.fd 2013/01/14 v3.01 AMS symbols A
)
LaTeX Font Info:    Trying to load font information for U+msb on input line 94.
(/Users/xx20081/Library/TinyTeX/texmf-dist/tex/latex/amsfonts/umsb.fd
File: umsb.fd 2013/01/14 v3.01 AMS symbols B
) (./project_metaboprep_qc_report.toc
LaTeX Font Info:    External font `lmex10' loaded for size
(Font)              <10> on input line 2.
LaTeX Font Info:    External font `lmex10' loaded for size
(Font)              <7> on input line 2.
LaTeX Font Info:    External font `lmex10' loaded for size
(Font)              <5> on input line 2.
)
\tf@toc=\write3
\openout3 = `project_metaboprep_qc_report.toc'.



[1

{/Users/xx20081/Library/TinyTeX/texmf-var/fonts/map/pdftex/updmap/pdftex.map}{/Users/xx20081/Library/TinyTeX/texmf-dist/fonts/enc/dvips/base/8r.enc}]

[2]
LaTeX Font Info:    Trying to load font information for T1+lmtt on input line 106.
(/Users/xx20081/Library/TinyTeX/texmf-dist/tex/latex/lm/t1lmtt.fd
File: t1lmtt.fd 2015/05/01 v1.6.1 Font defs for Latin Modern
)
LaTeX Font Info:    Trying to load font information for TS1+phv on input line 112.
(/Users/xx20081/Library/TinyTeX/texmf-dist/tex/latex/psnfss/ts1phv.fd
File: ts1phv.fd 2020/03/25 scalable font definitions for TS1/phv.
)
<metaboprep_workflow.png, id=69, 796.8972pt x 540.94095pt>
File: metaboprep_workflow.png Graphic file (type png)
<use metaboprep_workflow.png>
Package pdftex.def Info: metaboprep_workflow.png  used on input line 145.
(pdftex.def)             Requested size: 465.06004pt x 315.69392pt.


[3{/Users/xx20081/Library/TinyTeX/texmf-dist/fonts/enc/dvips/lm/lm-ec.enc}]

[4 <./metaboprep_workflow.png>]

[5]
</Users/xx20081/git/metaboprep/inst/rmarkdown/templates/qc_report/skeleton/project_metaboprep_qc_report_files/figure-latex/missing_matrix-1.pdf, id=89, 469.755pt x 325.215pt>
File: /Users/xx20081/git/metaboprep/inst/rmarkdown/templates/qc_report/skeleton/project_metaboprep_qc_report_files/figure-latex/missing_matrix-1.pdf Graphic file (type pdf)
<use /Users/xx20081/git/metaboprep/inst/rmarkdown/templates/qc_report/skeleton/project_metaboprep_qc_report_files/figure-latex/missing_matrix-1.pdf>
Package pdftex.def Info: /Users/xx20081/git/metaboprep/inst/rmarkdown/templates/qc_report/skeleton/project_metaboprep_qc_report_files/figure-latex/missing_matrix-1.pdf  used on input line 176.
(pdftex.def)             Requested size: 469.75386pt x 325.2142pt.


[6 </Users/xx20081/git/metaboprep/inst/rmarkdown/templates/qc_report/skeleton/project_metaboprep_qc_report_files/figure-latex/missing_matrix-1.pdf>]
</Users/xx20081/git/metaboprep/inst/rmarkdown/templates/qc_report/skeleton/project_metaboprep_qc_report_files/figure-latex/histograms-1.pdf, id=99, 469.755pt x 325.215pt>
File: /Users/xx20081/git/metaboprep/inst/rmarkdown/templates/qc_report/skeleton/project_metaboprep_qc_report_files/figure-latex/histograms-1.pdf Graphic file (type pdf)
<use /Users/xx20081/git/metaboprep/inst/rmarkdown/templates/qc_report/skeleton/project_metaboprep_qc_report_files/figure-latex/histograms-1.pdf>
Package pdftex.def Info: /Users/xx20081/git/metaboprep/inst/rmarkdown/templates/qc_report/skeleton/project_metaboprep_qc_report_files/figure-latex/histograms-1.pdf  used on input line 183.
(pdftex.def)             Requested size: 469.75386pt x 325.2142pt.


[7 </Users/xx20081/git/metaboprep/inst/rmarkdown/templates/qc_report/skeleton/project_metaboprep_qc_report_files/figure-latex/histograms-1.pdf>]
LaTeX Font Info:    Font shape `T1/phv/m/it' in size <10> not available
(Font)              Font shape `T1/phv/m/sl' tried instead on input line 234.
LaTeX Font Info:    External font `lmex10' loaded for size
(Font)              <9> on input line 246.
LaTeX Font Info:    Font shape `T1/phv/m/it' in size <9> not available
(Font)              Font shape `T1/phv/m/sl' tried instead on input line 246.


[8]
</Users/xx20081/git/metaboprep/inst/rmarkdown/templates/qc_report/skeleton/project_metaboprep_qc_report_files/figure-latex/unnamed-chunk-15-1.pdf, id=121, 469.755pt x 325.215pt>
File: /Users/xx20081/git/metaboprep/inst/rmarkdown/templates/qc_report/skeleton/project_metaboprep_qc_report_files/figure-latex/unnamed-chunk-15-1.pdf Graphic file (type pdf)
<use /Users/xx20081/git/metaboprep/inst/rmarkdown/templates/qc_report/skeleton/project_metaboprep_qc_report_files/figure-latex/unnamed-chunk-15-1.pdf>
Package pdftex.def Info: /Users/xx20081/git/metaboprep/inst/rmarkdown/templates/qc_report/skeleton/project_metaboprep_qc_report_files/figure-latex/unnamed-chunk-15-1.pdf  used on input line 281.
(pdftex.def)             Requested size: 469.75386pt x 325.2142pt.


[9 </Users/xx20081/git/metaboprep/inst/rmarkdown/templates/qc_report/skeleton/project_metaboprep_qc_report_files/figure-latex/unnamed-chunk-15-1.pdf>]
Underfull \hbox (badness 10000) in paragraph at lines 292--294

 []


Underfull \hbox (badness 10000) in paragraph at lines 302--304

 []


Underfull \hbox (badness 10000) in paragraph at lines 304--307

 []

</Users/xx20081/git/metaboprep/inst/rmarkdown/templates/qc_report/skeleton/project_metaboprep_qc_report_files/figure-latex/qc_sample_missingness-1.pdf, id=132, 469.755pt x 325.215pt>
File: /Users/xx20081/git/metaboprep/inst/rmarkdown/templates/qc_report/skeleton/project_metaboprep_qc_report_files/figure-latex/qc_sample_missingness-1.pdf Graphic file (type pdf)
<use /Users/xx20081/git/metaboprep/inst/rmarkdown/templates/qc_report/skeleton/project_metaboprep_qc_report_files/figure-latex/qc_sample_missingness-1.pdf>
Package pdftex.def Info: /Users/xx20081/git/metaboprep/inst/rmarkdown/templates/qc_report/skeleton/project_metaboprep_qc_report_files/figure-latex/qc_sample_missingness-1.pdf  used on input line 314.
(pdftex.def)             Requested size: 469.75386pt x 325.2142pt.


[10 </Users/xx20081/git/metaboprep/inst/rmarkdown/templates/qc_report/skeleton/project_metaboprep_qc_report_files/figure-latex/qc_sample_missingness-1.pdf>]
</Users/xx20081/git/metaboprep/inst/rmarkdown/templates/qc_report/skeleton/project_metaboprep_qc_report_files/figure-latex/qc_dendrogram-1.pdf, id=147, 469.755pt x 325.215pt>
File: /Users/xx20081/git/metaboprep/inst/rmarkdown/templates/qc_report/skeleton/project_metaboprep_qc_report_files/figure-latex/qc_dendrogram-1.pdf Graphic file (type pdf)
<use /Users/xx20081/git/metaboprep/inst/rmarkdown/templates/qc_report/skeleton/project_metaboprep_qc_report_files/figure-latex/qc_dendrogram-1.pdf>
Package pdftex.def Info: /Users/xx20081/git/metaboprep/inst/rmarkdown/templates/qc_report/skeleton/project_metaboprep_qc_report_files/figure-latex/qc_dendrogram-1.pdf  used on input line 323.
(pdftex.def)             Requested size: 469.75502pt x 325.2142pt.


[11 </Users/xx20081/git/metaboprep/inst/rmarkdown/templates/qc_report/skeleton/project_metaboprep_qc_report_files/figure-latex/qc_dendrogram-1.pdf>]
</Users/xx20081/git/metaboprep/inst/rmarkdown/templates/qc_report/skeleton/project_metaboprep_qc_report_files/figure-latex/qc_scree_plot-1.pdf, id=161, 469.755pt x 325.215pt>
File: /Users/xx20081/git/metaboprep/inst/rmarkdown/templates/qc_report/skeleton/project_metaboprep_qc_report_files/figure-latex/qc_scree_plot-1.pdf Graphic file (type pdf)
<use /Users/xx20081/git/metaboprep/inst/rmarkdown/templates/qc_report/skeleton/project_metaboprep_qc_report_files/figure-latex/qc_scree_plot-1.pdf>
Package pdftex.def Info: /Users/xx20081/git/metaboprep/inst/rmarkdown/templates/qc_report/skeleton/project_metaboprep_qc_report_files/figure-latex/qc_scree_plot-1.pdf  used on input line 353.
(pdftex.def)             Requested size: 469.75386pt x 325.2142pt.
</Users/xx20081/git/metaboprep/inst/rmarkdown/templates/qc_report/skeleton/project_metaboprep_qc_report_files/figure-latex/unnamed-chunk-22-1.pdf, id=162, 469.755pt x 325.215pt>
File: /Users/xx20081/git/metaboprep/inst/rmarkdown/templates/qc_report/skeleton/project_metaboprep_qc_report_files/figure-latex/unnamed-chunk-22-1.pdf Graphic file (type pdf)
<use /Users/xx20081/git/metaboprep/inst/rmarkdown/templates/qc_report/skeleton/project_metaboprep_qc_report_files/figure-latex/unnamed-chunk-22-1.pdf>
Package pdftex.def Info: /Users/xx20081/git/metaboprep/inst/rmarkdown/templates/qc_report/skeleton/project_metaboprep_qc_report_files/figure-latex/unnamed-chunk-22-1.pdf  used on input line 365.
(pdftex.def)             Requested size: 469.75386pt x 325.2142pt.


[12 </Users/xx20081/git/metaboprep/inst/rmarkdown/templates/qc_report/skeleton/project_metaboprep_qc_report_files/figure-latex/qc_scree_plot-1.pdf>]

[13 </Users/xx20081/git/metaboprep/inst/rmarkdown/templates/qc_report/skeleton/project_metaboprep_qc_report_files/figure-latex/unnamed-chunk-22-1.pdf>]
</Users/xx20081/git/metaboprep/inst/rmarkdown/templates/qc_report/skeleton/project_metaboprep_qc_report_files/figure-latex/pca_pairsplot-1.pdf, id=183, 469.755pt x 325.215pt>
File: /Users/xx20081/git/metaboprep/inst/rmarkdown/templates/qc_report/skeleton/project_metaboprep_qc_report_files/figure-latex/pca_pairsplot-1.pdf Graphic file (type pdf)
<use /Users/xx20081/git/metaboprep/inst/rmarkdown/templates/qc_report/skeleton/project_metaboprep_qc_report_files/figure-latex/pca_pairsplot-1.pdf>
Package pdftex.def Info: /Users/xx20081/git/metaboprep/inst/rmarkdown/templates/qc_report/skeleton/project_metaboprep_qc_report_files/figure-latex/pca_pairsplot-1.pdf  used on input line 379.
(pdftex.def)             Requested size: 469.75502pt x 325.2142pt.


[14 </Users/xx20081/git/metaboprep/inst/rmarkdown/templates/qc_report/skeleton/project_metaboprep_qc_report_files/figure-latex/pca_pairsplot-1.pdf>]
</Users/xx20081/git/metaboprep/inst/rmarkdown/templates/qc_report/skeleton/project_metaboprep_qc_report_files/figure-latex/w_dist_plot-1.pdf, id=197, 469.755pt x 325.215pt>
File: /Users/xx20081/git/metaboprep/inst/rmarkdown/templates/qc_report/skeleton/project_metaboprep_qc_report_files/figure-latex/w_dist_plot-1.pdf Graphic file (type pdf)
<use /Users/xx20081/git/metaboprep/inst/rmarkdown/templates/qc_report/skeleton/project_metaboprep_qc_report_files/figure-latex/w_dist_plot-1.pdf>
Package pdftex.def Info: /Users/xx20081/git/metaboprep/inst/rmarkdown/templates/qc_report/skeleton/project_metaboprep_qc_report_files/figure-latex/w_dist_plot-1.pdf  used on input line 408.
(pdftex.def)             Requested size: 469.75386pt x 325.2142pt.


[15 </Users/xx20081/git/metaboprep/inst/rmarkdown/templates/qc_report/skeleton/project_metaboprep_qc_report_files/figure-latex/w_dist_plot-1.pdf>]

[16]
</Users/xx20081/git/metaboprep/inst/rmarkdown/templates/qc_report/skeleton/project_metaboprep_qc_report_files/figure-latex/featuremis-1.pdf, id=222, 469.755pt x 325.215pt>
File: /Users/xx20081/git/metaboprep/inst/rmarkdown/templates/qc_report/skeleton/project_metaboprep_qc_report_files/figure-latex/featuremis-1.pdf Graphic file (type pdf)
<use /Users/xx20081/git/metaboprep/inst/rmarkdown/templates/qc_report/skeleton/project_metaboprep_qc_report_files/figure-latex/featuremis-1.pdf>
Package pdftex.def Info: /Users/xx20081/git/metaboprep/inst/rmarkdown/templates/qc_report/skeleton/project_metaboprep_qc_report_files/figure-latex/featuremis-1.pdf  used on input line 463.
(pdftex.def)             Requested size: 469.75386pt x 325.2142pt.
</Users/xx20081/git/metaboprep/inst/rmarkdown/templates/qc_report/skeleton/project_metaboprep_qc_report_files/figure-latex/featuremis-2.pdf, id=223, 469.755pt x 325.215pt>
File: /Users/xx20081/git/metaboprep/inst/rmarkdown/templates/qc_report/skeleton/project_metaboprep_qc_report_files/figure-latex/featuremis-2.pdf Graphic file (type pdf)
<use /Users/xx20081/git/metaboprep/inst/rmarkdown/templates/qc_report/skeleton/project_metaboprep_qc_report_files/figure-latex/featuremis-2.pdf>
Package pdftex.def Info: /Users/xx20081/git/metaboprep/inst/rmarkdown/templates/qc_report/skeleton/project_metaboprep_qc_report_files/figure-latex/featuremis-2.pdf  used on input line 465.
(pdftex.def)             Requested size: 469.75386pt x 325.2142pt.


[17 </Users/xx20081/git/metaboprep/inst/rmarkdown/templates/qc_report/skeleton/project_metaboprep_qc_report_files/figure-latex/featuremis-1.pdf>]
</Users/xx20081/git/metaboprep/inst/rmarkdown/templates/qc_report/skeleton/project_metaboprep_qc_report_files/figure-latex/featuremis-3.pdf, id=233, 469.755pt x 325.215pt>
File: /Users/xx20081/git/metaboprep/inst/rmarkdown/templates/qc_report/skeleton/project_metaboprep_qc_report_files/figure-latex/featuremis-3.pdf Graphic file (type pdf)
<use /Users/xx20081/git/metaboprep/inst/rmarkdown/templates/qc_report/skeleton/project_metaboprep_qc_report_files/figure-latex/featuremis-3.pdf>
Package pdftex.def Info: /Users/xx20081/git/metaboprep/inst/rmarkdown/templates/qc_report/skeleton/project_metaboprep_qc_report_files/figure-latex/featuremis-3.pdf  used on input line 467.
(pdftex.def)             Requested size: 469.75386pt x 325.2142pt.


[18 </Users/xx20081/git/metaboprep/inst/rmarkdown/templates/qc_report/skeleton/project_metaboprep_qc_report_files/figure-latex/featuremis-2.pdf>]
</Users/xx20081/git/metaboprep/inst/rmarkdown/templates/qc_report/skeleton/project_metaboprep_qc_report_files/figure-latex/sample_missingness-1.pdf, id=243, 469.755pt x 325.215pt>
File: /Users/xx20081/git/metaboprep/inst/rmarkdown/templates/qc_report/skeleton/project_metaboprep_qc_report_files/figure-latex/sample_missingness-1.pdf Graphic file (type pdf)
<use /Users/xx20081/git/metaboprep/inst/rmarkdown/templates/qc_report/skeleton/project_metaboprep_qc_report_files/figure-latex/sample_missingness-1.pdf>
Package pdftex.def Info: /Users/xx20081/git/metaboprep/inst/rmarkdown/templates/qc_report/skeleton/project_metaboprep_qc_report_files/figure-latex/sample_missingness-1.pdf  used on input line 493.
(pdftex.def)             Requested size: 469.75386pt x 325.2142pt.


[19 </Users/xx20081/git/metaboprep/inst/rmarkdown/templates/qc_report/skeleton/project_metaboprep_qc_report_files/figure-latex/featuremis-3.pdf>]
</Users/xx20081/git/metaboprep/inst/rmarkdown/templates/qc_report/skeleton/project_metaboprep_qc_report_files/figure-latex/sample_missingness-2.pdf, id=254, 469.755pt x 325.215pt>
File: /Users/xx20081/git/metaboprep/inst/rmarkdown/templates/qc_report/skeleton/project_metaboprep_qc_report_files/figure-latex/sample_missingness-2.pdf Graphic file (type pdf)
<use /Users/xx20081/git/metaboprep/inst/rmarkdown/templates/qc_report/skeleton/project_metaboprep_qc_report_files/figure-latex/sample_missingness-2.pdf>
Package pdftex.def Info: /Users/xx20081/git/metaboprep/inst/rmarkdown/templates/qc_report/skeleton/project_metaboprep_qc_report_files/figure-latex/sample_missingness-2.pdf  used on input line 495.
(pdftex.def)             Requested size: 469.75386pt x 325.2142pt.


[20 </Users/xx20081/git/metaboprep/inst/rmarkdown/templates/qc_report/skeleton/project_metaboprep_qc_report_files/figure-latex/sample_missingness-1.pdf>]
</Users/xx20081/git/metaboprep/inst/rmarkdown/templates/qc_report/skeleton/project_metaboprep_qc_report_files/figure-latex/sample_missingness_multivatiave_anova-1.pdf, id=264, 469.755pt x 325.215pt>
File: /Users/xx20081/git/metaboprep/inst/rmarkdown/templates/qc_report/skeleton/project_metaboprep_qc_report_files/figure-latex/sample_missingness_multivatiave_anova-1.pdf Graphic file (type pdf)
<use /Users/xx20081/git/metaboprep/inst/rmarkdown/templates/qc_report/skeleton/project_metaboprep_qc_report_files/figure-latex/sample_missingness_multivatiave_anova-1.pdf>
Package pdftex.def Info: /Users/xx20081/git/metaboprep/inst/rmarkdown/templates/qc_report/skeleton/project_metaboprep_qc_report_files/figure-latex/sample_missingness_multivatiave_anova-1.pdf  used on input line 507.
(pdftex.def)             Requested size: 469.75386pt x 325.2142pt.


[21 </Users/xx20081/git/metaboprep/inst/rmarkdown/templates/qc_report/skeleton/project_metaboprep_qc_report_files/figure-latex/sample_missingness-2.pdf>]

[22 </Users/xx20081/git/metaboprep/inst/rmarkdown/templates/qc_report/skeleton/project_metaboprep_qc_report_files/figure-latex/sample_missingness_multivatiave_anova-1.pdf>]
</Users/xx20081/git/metaboprep/inst/rmarkdown/templates/qc_report/skeleton/project_metaboprep_qc_report_files/figure-latex/TPA_missingness-1.pdf, id=285, 469.755pt x 325.215pt>
File: /Users/xx20081/git/metaboprep/inst/rmarkdown/templates/qc_report/skeleton/project_metaboprep_qc_report_files/figure-latex/TPA_missingness-1.pdf Graphic file (type pdf)
<use /Users/xx20081/git/metaboprep/inst/rmarkdown/templates/qc_report/skeleton/project_metaboprep_qc_report_files/figure-latex/TPA_missingness-1.pdf>
Package pdftex.def Info: /Users/xx20081/git/metaboprep/inst/rmarkdown/templates/qc_report/skeleton/project_metaboprep_qc_report_files/figure-latex/TPA_missingness-1.pdf  used on input line 538.
(pdftex.def)             Requested size: 469.75386pt x 325.2142pt.
</Users/xx20081/git/metaboprep/inst/rmarkdown/templates/qc_report/skeleton/project_metaboprep_qc_report_files/figure-latex/ta_by_batch-1.pdf, id=286, 469.755pt x 325.215pt>
File: /Users/xx20081/git/metaboprep/inst/rmarkdown/templates/qc_report/skeleton/project_metaboprep_qc_report_files/figure-latex/ta_by_batch-1.pdf Graphic file (type pdf)
<use /Users/xx20081/git/metaboprep/inst/rmarkdown/templates/qc_report/skeleton/project_metaboprep_qc_report_files/figure-latex/ta_by_batch-1.pdf>
Package pdftex.def Info: /Users/xx20081/git/metaboprep/inst/rmarkdown/templates/qc_report/skeleton/project_metaboprep_qc_report_files/figure-latex/ta_by_batch-1.pdf  used on input line 549.
(pdftex.def)             Requested size: 469.75386pt x 325.2142pt.


[23 </Users/xx20081/git/metaboprep/inst/rmarkdown/templates/qc_report/skeleton/project_metaboprep_qc_report_files/figure-latex/TPA_missingness-1.pdf>]
</Users/xx20081/git/metaboprep/inst/rmarkdown/templates/qc_report/skeleton/project_metaboprep_qc_report_files/figure-latex/ta_by_batch-2.pdf, id=303, 469.755pt x 325.215pt>
File: /Users/xx20081/git/metaboprep/inst/rmarkdown/templates/qc_report/skeleton/project_metaboprep_qc_report_files/figure-latex/ta_by_batch-2.pdf Graphic file (type pdf)
<use /Users/xx20081/git/metaboprep/inst/rmarkdown/templates/qc_report/skeleton/project_metaboprep_qc_report_files/figure-latex/ta_by_batch-2.pdf>
Package pdftex.def Info: /Users/xx20081/git/metaboprep/inst/rmarkdown/templates/qc_report/skeleton/project_metaboprep_qc_report_files/figure-latex/ta_by_batch-2.pdf  used on input line 551.
(pdftex.def)             Requested size: 469.75386pt x 325.2142pt.


[24 </Users/xx20081/git/metaboprep/inst/rmarkdown/templates/qc_report/skeleton/project_metaboprep_qc_report_files/figure-latex/ta_by_batch-1.pdf>]
</Users/xx20081/git/metaboprep/inst/rmarkdown/templates/qc_report/skeleton/project_metaboprep_qc_report_files/figure-latex/sample_tpa_multivatiave_anova2-1.pdf, id=313, 469.755pt x 325.215pt>
File: /Users/xx20081/git/metaboprep/inst/rmarkdown/templates/qc_report/skeleton/project_metaboprep_qc_report_files/figure-latex/sample_tpa_multivatiave_anova2-1.pdf Graphic file (type pdf)
<use /Users/xx20081/git/metaboprep/inst/rmarkdown/templates/qc_report/skeleton/project_metaboprep_qc_report_files/figure-latex/sample_tpa_multivatiave_anova2-1.pdf>
Package pdftex.def Info: /Users/xx20081/git/metaboprep/inst/rmarkdown/templates/qc_report/skeleton/project_metaboprep_qc_report_files/figure-latex/sample_tpa_multivatiave_anova2-1.pdf  used on input line 562.
(pdftex.def)             Requested size: 469.75386pt x 325.2142pt.


[25 </Users/xx20081/git/metaboprep/inst/rmarkdown/templates/qc_report/skeleton/project_metaboprep_qc_report_files/figure-latex/ta_by_batch-2.pdf>]

[26 </Users/xx20081/git/metaboprep/inst/rmarkdown/templates/qc_report/skeleton/project_metaboprep_qc_report_files/figure-latex/sample_tpa_multivatiave_anova2-1.pdf>]
</Users/xx20081/git/metaboprep/inst/rmarkdown/templates/qc_report/skeleton/project_metaboprep_qc_report_files/figure-latex/power_exploration-1.pdf, id=334, 469.755pt x 325.215pt>
File: /Users/xx20081/git/metaboprep/inst/rmarkdown/templates/qc_report/skeleton/project_metaboprep_qc_report_files/figure-latex/power_exploration-1.pdf Graphic file (type pdf)
<use /Users/xx20081/git/metaboprep/inst/rmarkdown/templates/qc_report/skeleton/project_metaboprep_qc_report_files/figure-latex/power_exploration-1.pdf>
Package pdftex.def Info: /Users/xx20081/git/metaboprep/inst/rmarkdown/templates/qc_report/skeleton/project_metaboprep_qc_report_files/figure-latex/power_exploration-1.pdf  used on input line 586.
(pdftex.def)             Requested size: 469.75386pt x 325.2142pt.


[27 </Users/xx20081/git/metaboprep/inst/rmarkdown/templates/qc_report/skeleton/project_metaboprep_qc_report_files/figure-latex/power_exploration-1.pdf>] (./project_metaboprep_qc_report.aux)
 ***********
LaTeX2e <2024-11-01> patch level 2
L3 programming layer <2025-04-14>
 ***********

LaTeX Warning: There were multiply-defined labels.

 ) 
Here is how much of TeX's memory you used:
 13738 strings out of 471589
 237869 string characters out of 5520042
 639856 words of memory out of 5000000
 39976 multiletter control sequences out of 15000+600000
 687039 words of font info for 101 fonts, out of 8000000 for 9000
 14 hyphenation exceptions out of 8191
 89i,11n,93p,823b,515s stack positions out of 10000i,1000n,20000p,200000b,200000s
</Users/xx20081/Library/TinyTeX/texmf-dist/fonts/type1/public/lm/lmtt10.pfb></Users/xx20081/Library/TinyTeX/texmf-dist/fonts/type1/urw/helvetic/uhvb8a.pfb></Users/xx20081/Library/TinyTeX/texmf-dist/fonts/type1/urw/helvetic/uhvr8a.pfb></Users/xx20081/Library/TinyTeX/texmf-dist/fonts/type1/urw/helvetic/uhvro8a.pfb>
Output written on project_metaboprep_qc_report.pdf (27 pages, 1537592 bytes).
PDF statistics:
 468 PDF objects out of 1000 (max. 8388607)
 385 compressed objects within 4 object streams
 79 named destinations out of 1000 (max. 500000)
 314 words of extra memory for PDF output out of 10000 (max. 10000000)

